<?xml version="1.0" encoding="UTF-8"?>
<!-- Generated by org.testng.reporters.JUnitReportReporter -->
<testsuite hostname="LAPTOP-100BMBHG" failures="0" tests="1" name="driverFactory.AppTest" time="24.714" errors="0" timestamp="2024-10-18T12:38:20 IST" skipped="0">
  <testcase classname="driverFactory.AppTest" name="kickStart" time="24.714"/>
</testsuite> <!-- driverFactory.AppTest -->
